This file contains any messages produced by compilers while
running configure, to aid debugging if configure makes a mistake.

It was created by RISC-V Proxy Kernel configure 1.0.0, which was
generated by GNU Autoconf 2.69.  Invocation command line was

  $ ./configure --prefix=/home/cuihongwei/server22/fpga-rocket/riscv-toolchain --host=riscv64-unknown-linux-gnu

## --------- ##
## Platform. ##
## --------- ##

hostname = mprc-R730
uname -m = x86_64
uname -r = 4.15.0-99-generic
uname -s = Linux
uname -v = #100~16.04.1-Ubuntu SMP Wed Apr 22 23:56:30 UTC 2020

/usr/bin/uname -p = unknown
/bin/uname -X     = unknown

/bin/arch              = unknown
/usr/bin/arch -k       = unknown
/usr/convex/getsysinfo = unknown
/usr/bin/hostinfo      = unknown
/bin/machine           = unknown
/usr/bin/oslevel       = unknown
/bin/universe          = unknown

PATH: /home/cuihongwei/bin
PATH: /home/cuihongwei/.local/bin
PATH: /usr/local/sbin
PATH: /usr/local/bin
PATH: /usr/sbin
PATH: /usr/bin
PATH: /sbin
PATH: /bin
PATH: /usr/games
PATH: /usr/local/games
PATH: /usr/local/arm_4.4.3/bin
PATH: /home/cuihongwei/server22/toolchain/alphaev67-unknown-linux-gnu/bin
PATH: /home/cuihongwei/server22/toolchain/arm_toolchain/aarch64/lin/aarch64-linux/bin
PATH: /home/cuihongwei/server22/toolchain/riscv_toolchain/bin


## ----------- ##
## Core tests. ##
## ----------- ##

configure:1965: checking build system type
configure:1979: result: x86_64-pc-linux-gnu
configure:1999: checking host system type
configure:2012: result: riscv64-unknown-linux-gnu
configure:2045: checking for riscv64-unknown-linux-gnu-gcc
configure:2061: found /home/cuihongwei/server22/toolchain/riscv_toolchain/bin/riscv64-unknown-linux-gnu-gcc
configure:2072: result: riscv64-unknown-linux-gnu-gcc
configure:2341: checking for C compiler version
configure:2350: riscv64-unknown-linux-gnu-gcc --version >&5
riscv64-unknown-linux-gnu-gcc (GCC) 7.2.0
Copyright (C) 2017 Free Software Foundation, Inc.
This is free software; see the source for copying conditions.  There is NO
warranty; not even for MERCHANTABILITY or FITNESS FOR A PARTICULAR PURPOSE.

configure:2361: $? = 0
configure:2350: riscv64-unknown-linux-gnu-gcc -v >&5
Using built-in specs.
COLLECT_GCC=riscv64-unknown-linux-gnu-gcc
COLLECT_LTO_WRAPPER=/home/cuihongwei/server22/toolchain/riscv_toolchain/bin/../libexec/gcc/riscv64-unknown-linux-gnu/7.2.0/lto-wrapper
Target: riscv64-unknown-linux-gnu
Configured with: /home/chengjian/riscv-tools/riscv-gnu-toolchain/riscv-gcc/configure --target=riscv64-unknown-linux-gnu --prefix=/home/chengjian/opt --with-sysroot=/home/chengjian/opt/sysroot --with-system-zlib --enable-shared --enable-tls --enable-languages=c,c++,fortran --disable-libmudflap --disable-libssp --disable-libquadmath --disable-nls --disable-bootstrap --src=.././riscv-gcc --enable-checking=yes --disable-multilib --with-abi=lp64d --with-arch=rv64imafdc
Thread model: posix
gcc version 7.2.0 (GCC) 
configure:2361: $? = 0
configure:2350: riscv64-unknown-linux-gnu-gcc -V >&5
riscv64-unknown-linux-gnu-gcc: error: unrecognized command line option '-V'
riscv64-unknown-linux-gnu-gcc: fatal error: no input files
compilation terminated.
configure:2361: $? = 1
configure:2350: riscv64-unknown-linux-gnu-gcc -qversion >&5
riscv64-unknown-linux-gnu-gcc: error: unrecognized command line option '-qversion'; did you mean '--version'?
riscv64-unknown-linux-gnu-gcc: fatal error: no input files
compilation terminated.
configure:2361: $? = 1
configure:2381: checking whether the C compiler works
configure:2403: riscv64-unknown-linux-gnu-gcc    conftest.c  >&5
configure:2407: $? = 0
configure:2455: result: yes
configure:2458: checking for C compiler default output file name
configure:2460: result: a.out
configure:2466: checking for suffix of executables
configure:2473: riscv64-unknown-linux-gnu-gcc -o conftest    conftest.c  >&5
configure:2477: $? = 0
configure:2499: result: 
configure:2521: checking whether we are cross compiling
configure:2529: riscv64-unknown-linux-gnu-gcc -o conftest    conftest.c  >&5
configure:2533: $? = 0
configure:2540: ./conftest
./configure: line 2542: ./conftest: cannot execute binary file: Exec format error
configure:2544: $? = 126
configure:2559: result: yes
configure:2564: checking for suffix of object files
configure:2586: riscv64-unknown-linux-gnu-gcc -c   conftest.c >&5
configure:2590: $? = 0
configure:2611: result: o
configure:2615: checking whether we are using the GNU C compiler
configure:2634: riscv64-unknown-linux-gnu-gcc -c   conftest.c >&5
configure:2634: $? = 0
configure:2643: result: yes
configure:2652: checking whether riscv64-unknown-linux-gnu-gcc accepts -g
configure:2672: riscv64-unknown-linux-gnu-gcc -c -g  conftest.c >&5
configure:2672: $? = 0
configure:2713: result: yes
configure:2730: checking for riscv64-unknown-linux-gnu-gcc option to accept ISO C89
configure:2793: riscv64-unknown-linux-gnu-gcc  -c -g -O2  conftest.c >&5
configure:2793: $? = 0
configure:2806: result: none needed
configure:2840: checking for riscv64-unknown-linux-gnu-g++
configure:2856: found /home/cuihongwei/server22/toolchain/riscv_toolchain/bin/riscv64-unknown-linux-gnu-g++
configure:2867: result: riscv64-unknown-linux-gnu-g++
configure:2938: checking for C++ compiler version
configure:2947: riscv64-unknown-linux-gnu-g++ --version >&5
riscv64-unknown-linux-gnu-g++ (GCC) 7.2.0
Copyright (C) 2017 Free Software Foundation, Inc.
This is free software; see the source for copying conditions.  There is NO
warranty; not even for MERCHANTABILITY or FITNESS FOR A PARTICULAR PURPOSE.

configure:2958: $? = 0
configure:2947: riscv64-unknown-linux-gnu-g++ -v >&5
Using built-in specs.
COLLECT_GCC=riscv64-unknown-linux-gnu-g++
COLLECT_LTO_WRAPPER=/home/cuihongwei/server22/toolchain/riscv_toolchain/bin/../libexec/gcc/riscv64-unknown-linux-gnu/7.2.0/lto-wrapper
Target: riscv64-unknown-linux-gnu
Configured with: /home/chengjian/riscv-tools/riscv-gnu-toolchain/riscv-gcc/configure --target=riscv64-unknown-linux-gnu --prefix=/home/chengjian/opt --with-sysroot=/home/chengjian/opt/sysroot --with-system-zlib --enable-shared --enable-tls --enable-languages=c,c++,fortran --disable-libmudflap --disable-libssp --disable-libquadmath --disable-nls --disable-bootstrap --src=.././riscv-gcc --enable-checking=yes --disable-multilib --with-abi=lp64d --with-arch=rv64imafdc
Thread model: posix
gcc version 7.2.0 (GCC) 
configure:2958: $? = 0
configure:2947: riscv64-unknown-linux-gnu-g++ -V >&5
riscv64-unknown-linux-gnu-g++: error: unrecognized command line option '-V'
riscv64-unknown-linux-gnu-g++: fatal error: no input files
compilation terminated.
configure:2958: $? = 1
configure:2947: riscv64-unknown-linux-gnu-g++ -qversion >&5
riscv64-unknown-linux-gnu-g++: error: unrecognized command line option '-qversion'; did you mean '--version'?
riscv64-unknown-linux-gnu-g++: fatal error: no input files
compilation terminated.
configure:2958: $? = 1
configure:2962: checking whether we are using the GNU C++ compiler
configure:2981: riscv64-unknown-linux-gnu-g++ -c   conftest.cpp >&5
configure:2981: $? = 0
configure:2990: result: yes
configure:2999: checking whether riscv64-unknown-linux-gnu-g++ accepts -g
configure:3019: riscv64-unknown-linux-gnu-g++ -c -g  conftest.cpp >&5
configure:3019: $? = 0
configure:3060: result: yes
configure:3086: checking for riscv64-unknown-linux-gnu-ar
configure:3102: found /home/cuihongwei/server22/toolchain/riscv_toolchain/bin/riscv64-unknown-linux-gnu-ar
configure:3113: result: riscv64-unknown-linux-gnu-ar
configure:3178: checking for riscv64-unknown-linux-gnu-ranlib
configure:3194: found /home/cuihongwei/server22/toolchain/riscv_toolchain/bin/riscv64-unknown-linux-gnu-ranlib
configure:3205: result: riscv64-unknown-linux-gnu-ranlib
configure:3270: checking for riscv64-unknown-linux-gnu-readelf
configure:3286: found /home/cuihongwei/server22/toolchain/riscv_toolchain/bin/riscv64-unknown-linux-gnu-readelf
configure:3297: result: riscv64-unknown-linux-gnu-readelf
configure:3362: checking for riscv64-unknown-linux-gnu-objcopy
configure:3378: found /home/cuihongwei/server22/toolchain/riscv_toolchain/bin/riscv64-unknown-linux-gnu-objcopy
configure:3389: result: riscv64-unknown-linux-gnu-objcopy
configure:3473: checking for a BSD-compatible install
configure:3541: result: /usr/bin/install -c
configure:3682: checking how to run the C preprocessor
configure:3713: riscv64-unknown-linux-gnu-gcc -E  conftest.c
configure:3713: $? = 0
configure:3727: riscv64-unknown-linux-gnu-gcc -E  conftest.c
conftest.c:9:10: fatal error: ac_nonexistent.h: No such file or directory
 #include <ac_nonexistent.h>
          ^~~~~~~~~~~~~~~~~~
compilation terminated.
configure:3727: $? = 1
configure: failed program was:
| /* confdefs.h */
| #define PACKAGE_NAME "RISC-V Proxy Kernel"
| #define PACKAGE_TARNAME "riscv-pk"
| #define PACKAGE_VERSION "1.0.0"
| #define PACKAGE_STRING "RISC-V Proxy Kernel 1.0.0"
| #define PACKAGE_BUGREPORT "Andrew Waterman"
| #define PACKAGE_URL ""
| /* end confdefs.h.  */
| #include <ac_nonexistent.h>
configure:3752: result: riscv64-unknown-linux-gnu-gcc -E
configure:3772: riscv64-unknown-linux-gnu-gcc -E  conftest.c
configure:3772: $? = 0
configure:3786: riscv64-unknown-linux-gnu-gcc -E  conftest.c
conftest.c:9:10: fatal error: ac_nonexistent.h: No such file or directory
 #include <ac_nonexistent.h>
          ^~~~~~~~~~~~~~~~~~
compilation terminated.
configure:3786: $? = 1
configure: failed program was:
| /* confdefs.h */
| #define PACKAGE_NAME "RISC-V Proxy Kernel"
| #define PACKAGE_TARNAME "riscv-pk"
| #define PACKAGE_VERSION "1.0.0"
| #define PACKAGE_STRING "RISC-V Proxy Kernel 1.0.0"
| #define PACKAGE_BUGREPORT "Andrew Waterman"
| #define PACKAGE_URL ""
| /* end confdefs.h.  */
| #include <ac_nonexistent.h>
configure:3815: checking for grep that handles long lines and -e
configure:3873: result: /bin/grep
configure:3878: checking for egrep
configure:3940: result: /bin/grep -E
configure:3945: checking for ANSI C header files
configure:3965: riscv64-unknown-linux-gnu-gcc -c -g -O2  conftest.c >&5
configure:3965: $? = 0
configure:4049: result: yes
configure:4166: configuring default subproject : pk
configure:4225: configuring default subproject : bbl
configure:4331: configuring default subproject : softfloat
configure:4376: configuring default subproject : dummy_payload
configure:4421: configuring default subproject : machine
configure:4480: configuring default subproject : util
configure:4634: creating ./config.status

## ---------------------- ##
## Running config.status. ##
## ---------------------- ##

This file was extended by RISC-V Proxy Kernel config.status 1.0.0, which was
generated by GNU Autoconf 2.69.  Invocation command line was

  CONFIG_FILES    = 
  CONFIG_HEADERS  = 
  CONFIG_LINKS    = 
  CONFIG_COMMANDS = 
  $ ./config.status 

on mprc-R730

config.status:834: creating pk.mk
config.status:834: creating bbl.mk
config.status:834: creating softfloat.mk
config.status:834: creating dummy_payload.mk
config.status:834: creating machine.mk
config.status:834: creating util.mk
config.status:834: creating Makefile
config.status:834: creating config.h

## ---------------- ##
## Cache variables. ##
## ---------------- ##

ac_cv_build=x86_64-pc-linux-gnu
ac_cv_c_compiler_gnu=yes
ac_cv_cxx_compiler_gnu=yes
ac_cv_env_CCC_set=
ac_cv_env_CCC_value=
ac_cv_env_CC_set=
ac_cv_env_CC_value=
ac_cv_env_CFLAGS_set=
ac_cv_env_CFLAGS_value=
ac_cv_env_CPPFLAGS_set=
ac_cv_env_CPPFLAGS_value=
ac_cv_env_CPP_set=
ac_cv_env_CPP_value=
ac_cv_env_CXXFLAGS_set=
ac_cv_env_CXXFLAGS_value=
ac_cv_env_CXX_set=
ac_cv_env_CXX_value=
ac_cv_env_LDFLAGS_set=
ac_cv_env_LDFLAGS_value=
ac_cv_env_LIBS_set=
ac_cv_env_LIBS_value=
ac_cv_env_RISCV_set=
ac_cv_env_RISCV_value=
ac_cv_env_STOW_PREFIX_set=
ac_cv_env_STOW_PREFIX_value=
ac_cv_env_STOW_ROOT_set=
ac_cv_env_STOW_ROOT_value=
ac_cv_env_build_alias_set=
ac_cv_env_build_alias_value=
ac_cv_env_host_alias_set=set
ac_cv_env_host_alias_value=riscv64-unknown-linux-gnu
ac_cv_env_target_alias_set=
ac_cv_env_target_alias_value=
ac_cv_header_stdc=yes
ac_cv_host=riscv64-unknown-linux-gnu
ac_cv_objext=o
ac_cv_path_EGREP='/bin/grep -E'
ac_cv_path_GREP=/bin/grep
ac_cv_path_install='/usr/bin/install -c'
ac_cv_prog_AR=riscv64-unknown-linux-gnu-ar
ac_cv_prog_CC=riscv64-unknown-linux-gnu-gcc
ac_cv_prog_CPP='riscv64-unknown-linux-gnu-gcc -E'
ac_cv_prog_CXX=riscv64-unknown-linux-gnu-g++
ac_cv_prog_OBJCOPY=riscv64-unknown-linux-gnu-objcopy
ac_cv_prog_RANLIB=riscv64-unknown-linux-gnu-ranlib
ac_cv_prog_READELF=riscv64-unknown-linux-gnu-readelf
ac_cv_prog_cc_c89=
ac_cv_prog_cc_g=yes
ac_cv_prog_cxx_g=yes

## ----------------- ##
## Output variables. ##
## ----------------- ##

AR='riscv64-unknown-linux-gnu-ar'
BBL_ENABLE_LOGO=''
BBL_LOGO_FILE='riscv_logo.txt'
BBL_PAYLOAD='dummy_payload'
CC='riscv64-unknown-linux-gnu-gcc'
CFLAGS='-Wall -Werror -D__NO_INLINE__ -mcmodel=medany -O2 -std=gnu99 -Wno-unused -Wno-attributes -fno-delete-null-pointer-checks -fno-PIE'
CPP='riscv64-unknown-linux-gnu-gcc -E'
CPPFLAGS=''
CXX='riscv64-unknown-linux-gnu-g++'
CXXFLAGS='-g -O2'
DEFS='-DHAVE_CONFIG_H'
ECHO_C=''
ECHO_N='-n'
ECHO_T=''
EGREP='/bin/grep -E'
EXEEXT=''
GREP='/bin/grep'
INSTALL_DATA='${INSTALL} -m 644'
INSTALL_PROGRAM='${INSTALL}'
INSTALL_SCRIPT='${INSTALL}'
LDFLAGS=' -Wl,--build-id=none'
LIBOBJS=''
LIBS='-lgcc'
LTLIBOBJS=''
MEM_START='0x80000000'
OBJCOPY='riscv64-unknown-linux-gnu-objcopy'
OBJEXT='o'
PACKAGE_BUGREPORT='Andrew Waterman'
PACKAGE_NAME='RISC-V Proxy Kernel'
PACKAGE_STRING='RISC-V Proxy Kernel 1.0.0'
PACKAGE_TARNAME='riscv-pk'
PACKAGE_URL=''
PACKAGE_VERSION='1.0.0'
PATH_SEPARATOR=':'
RANLIB='riscv64-unknown-linux-gnu-ranlib'
READELF='riscv64-unknown-linux-gnu-readelf'
RISCV=''
SHELL='/bin/bash'
STOW_PREFIX=''
STOW_ROOT=''
WITH_ARCH=''
ac_ct_CC=''
ac_ct_CXX=''
bindir='${exec_prefix}/bin'
build='x86_64-pc-linux-gnu'
build_alias=''
build_cpu='x86_64'
build_os='linux-gnu'
build_vendor='pc'
datadir='${datarootdir}'
datarootdir='${prefix}/share'
docdir='${datarootdir}/doc/${PACKAGE_TARNAME}'
dvidir='${docdir}'
enable_stow='no'
exec_prefix='${prefix}'
host='riscv64-unknown-linux-gnu'
host_alias='riscv64-unknown-linux-gnu'
host_cpu='riscv64'
host_os='linux-gnu'
host_vendor='unknown'
htmldir='${docdir}'
includedir='${prefix}/include'
infodir='${datarootdir}/info'
libdir='${exec_prefix}/lib'
libexecdir='${exec_prefix}/libexec'
localedir='${datarootdir}/locale'
localstatedir='${prefix}/var'
mandir='${datarootdir}/man'
oldincludedir='/usr/include'
pdfdir='${docdir}'
prefix='/home/cuihongwei/server22/fpga-rocket/riscv-toolchain'
program_transform_name='s,x,x,'
psdir='${docdir}'
sbindir='${exec_prefix}/sbin'
sharedstatedir='${prefix}/com'
stow=''
subprojects=' pk bbl softfloat dummy_payload machine util'
subprojects_enabled=' pk bbl softfloat dummy_payload machine util'
sysconfdir='${prefix}/etc'
target_alias=''

## ----------- ##
## confdefs.h. ##
## ----------- ##

/* confdefs.h */
#define PACKAGE_NAME "RISC-V Proxy Kernel"
#define PACKAGE_TARNAME "riscv-pk"
#define PACKAGE_VERSION "1.0.0"
#define PACKAGE_STRING "RISC-V Proxy Kernel 1.0.0"
#define PACKAGE_BUGREPORT "Andrew Waterman"
#define PACKAGE_URL ""
#define STDC_HEADERS 1
#define PK_ENABLED /**/
#define PK_ENABLE_VM /**/
#define BBL_ENABLED /**/
#define RELAXED_ALIGNMENT 1
#define SOFTFLOAT_ENABLED /**/
#define DUMMY_PAYLOAD_ENABLED /**/
#define MACHINE_ENABLED /**/
#define PK_ENABLE_FP_EMULATION /**/
#define UTIL_ENABLED /**/

configure: exit 0
