   18  cd build
   28  build/RISCV/gem5.opt ./configs/example/se.py -c tests/test-progs/hello/bin/riscv/linux/hello  
   29  build/X86/gem5.opt ./configs/example/se.py -c tests/test-progs/hello/bin/x86/linux/hello  
   30  rm -rf build
   36  scons build/RISCV/gem5.opt -j48
   37  ./build/RISCV/gem5.opt ./configs/example/se.py -c tests/test-progs/hello/bin/riscv/linux/hello --list-cpu-type
   38  ./build/RISCV/gem5.opt ./configs/example/se.py -c tests/test-progs/hello/bin/riscv/linux/hello --cpu-type=DerivO3CPU
   39  ./build/RISCV/gem5.opt ./configs/example/se.py -c tests/test-progs/hello/bin/riscv/linux/hello --cpu-type=DerivO3CPU --caches
   98  cd gem5_src/gem5/build/RISCV/ 
  129  build/RISCV/gem5.opt ./configs/example/se.py -c tests/test-progs/hello/bin/riscv/linux/hello  --cpu-type DeriveO3CPU --caches --mem-type DDR3_1600_8x8 --mem-size 1GB
  130  build/RISCV/gem5.opt ./configs/example/se.py -c tests/test-progs/hello/bin/riscv/linux/hello  --cpu-type DerivO3CPU --caches --mem-type DDR3_1600_8x8 --mem-size 1GB
  137  build/RISCV/gem5.opt ./configs/example/se.py -c tests/hello  --cpu-type DerivO3CPU --caches --mem-type DDR3_1600_8x8 --mem-size 1GB
  139  build/RISCV/gem5.opt ./configs/example/se.py -c tests/hello  --cpu-type DerivO3CPU --caches --mem-type DDR3_1600_8x8 --mem-size 1GB
  151  scons build/RISCV/gem5.opt -j56
  174  scons build/RISCV/gem5.opt -j56
  175  build/RISCV/gem5.opt --debug-flag=ShowMemInfo,ShowRegInfo,ShowSyscall  ./configs/example/se.py --ckptinsts=3000 -c ckptinfo/test/main
  176  build/RISCV/gem5.opt --debug-flag=ShowMemInfo,ShowRegInfo,ShowSyscall  ./configs/example/se.py --ckptinsts=3000 -c ckptinfo/test/main >log2
  178  scons build/RISCV/gem5.opt -j56
  179  build/RISCV/gem5.opt --debug-flag=ShowMemInfo,ShowRegInfo,ShowSyscall  ./configs/example/se.py --ckptinsts=3000 -c ckptinfo/test/main >log2
  181  build/RISCV/gem5.opt --debug-flag=ShowMemInfo,ShowRegInfo,ShowSyscall  ./configs/example/se.py --ckptinsts=3000 -c ckptinfo/test/main >log2
  182  scons build/RISCV/gem5.opt -j56
  183  build/RISCV/gem5.opt --debug-flag=ShowMemInfo,ShowRegInfo,ShowSyscall  ./configs/example/se.py --ckptinsts=3000 -c ckptinfo/test/main >log2
  185  scons build/RISCV/gem5.opt -j56
  187  scons build/RISCV/gem5.opt -j56
  188  build/RISCV/gem5.opt --debug-flag=ShowMemInfo,ShowRegInfo,ShowSyscall  ./configs/example/se.py --ckptinsts=3000 -c ckptinfo/test/main >log2
  190  scons build/RISCV/gem5.opt -j56
  191  build/RISCV/gem5.opt --debug-flag=ShowMemInfo,ShowRegInfo,ShowSyscall  ./configs/example/se.py --ckptinsts=3000 -c ckptinfo/test/main >log2
  193  scons build/RISCV/gem5.opt -j56
  194  build/RISCV/gem5.opt --debug-flag=ShowMemInfo,ShowRegInfo,ShowSyscall  ./configs/example/se.py --ckptinsts=3000 -c ckptinfo/test/main >log2
  196  build/RISCV/gem5.opt --debug-flag=ShowMemInfo,ShowRegInfo,ShowSyscall  ./configs/example/se.py --ckptinsts=3000 -c ckptinfo/test/main >log2
  198  scons build/RISCV/gem5.opt -j56
  199  build/RISCV/gem5.opt --debug-flag=ShowMemInfo,ShowRegInfo,ShowSyscall  ./configs/example/se.py --ckptinsts=3000 -c ckptinfo/test/main >log2
  201  scons build/RISCV/gem5.opt -j56
  202  build/RISCV/gem5.opt --debug-flag=ShowMemInfo,ShowRegInfo,ShowSyscall  ./configs/example/se.py --ckptinsts=3000 -c ckptinfo/test/sys.riscv >log2
  203  build/RISCV/gem5.opt --debug-flag=ShowMemInfo,ShowRegInfo,ShowSyscall  ./configs/example/se.py --ckptinsts=3000 -c ckptinfo/test/main.riscv >log2
  204  build/RISCV/gem5.opt --debug-flag=ShowMemInfo,ShowRegInfo,ShowSyscall  ./configs/example/se.py --ckptinsts=3000 -c ckptinfo/test/main >log2
  206  build/RISCV/gem5.opt --debug-flag=ShowMemInfo,ShowRegInfo,ShowSyscall  ./configs/example/se.py --ckptinsts=3000 -c ckptinfo/test/sys.riscv >log2
  208  build/RISCV/gem5.opt --debug-flag=ShowMemInfo,ShowRegInfo,ShowSyscall  ./configs/example/se.py --ckptinsts=3000 -c ckptinfo/test/sys.riscv >log2
  210  build/RISCV/gem5.opt --debug-flag=ShowMemInfo,ShowRegInfo,ShowSyscall  ./configs/example/se.py --ckptinsts=3000 -c ckptinfo/test/sys.riscv 
  211  build/RISCV/gem5.opt ./configs/example/se.py --ckptinsts=3000 -c ckptinfo/test/sys.riscv 
  212  build/RISCV/gem5.opt --debug-flag=ShowMemInfo,ShowRegInfo,ShowSyscall  ./configs/example/se.py --ckptinsts=3000 -c ckptinfo/test/sys.riscv >log2
  214  scons build/RISCV/gem5.opt -j56
  215  build/RISCV/gem5.opt --debug-flag=ShowMemInfo,ShowRegInfo,ShowSyscall  ./configs/example/se.py --ckptinsts=3000 -c ckptinfo/test/sys.riscv >log2
  217  build/RISCV/gem5.opt --debug-flag=ShowMemInfo,ShowRegInfo,ShowSyscall  ./configs/example/se.py --ckptinsts=3000 -c ckptinfo/test/sys.riscv >log2
  218  build/RISCV/gem5.opt ./configs/example/se.py --ckptinsts=3000 -c ckptinfo/test/sys.riscv 
  220  build/RISCV/gem5.opt --debug-flag=ShowMemInfo,ShowRegInfo,ShowSyscall --debug-flag=sys.log  ./configs/example/se.py --ckptinsts=3000 -c ckptinfo/test/sys.riscv 
  221  build/RISCV/gem5.opt --debug-flag=ShowMemInfo,ShowRegInfo,ShowSyscall --debug-file=sys.log  ./configs/example/se.py --ckptinsts=3000 -c ckptinfo/test/sys.riscv 
  222  build/RISCV/gem5.opt --debug-flag=ShowMemInfo,ShowRegInfo,ShowSyscall --debug-file=main.log  ./configs/example/se.py --ckptinsts=3000 -c ckptinfo/test/main 
  238  scons build/RISCV/gem5.opt -j56
  239  build/RISCV/gem5.opt --debug-flag=ShowMemInfo,ShowRegInfo,ShowSyscall --debug-file=main.log  ./configs/example/se.py --ckptinsts=3000 -c ckptinfo/test/main 
  251  scons build/RISCV/gem5.opt -j56
  252  build/RISCV/gem5.opt --debug-flag=ShowMemInfo,ShowRegInfo,ShowSyscall --debug-file=main.log  ./configs/example/se.py --ckptinsts=3000 -c ckptinfo/test/main 
  256  build/RISCV/gem5.opt --debug-flag=ShowMemInfo,ShowRegInfo,ShowSyscall --debug-file=main.log  ./configs/example/se.py --ckptinsts=3000 -c ckptinfo/test/main 
  257  build/RISCV/gem5.opt --debug-flag=ShowMemInfo,ShowRegInfo,ShowSyscall --debug-file=main.log  ./configs/example/se.py --ckptinsts=3000 -c ckptinfo/test/sys
  260  build/RISCV/gem5.opt --debug-flag=ShowMemInfo,ShowRegInfo,ShowSyscall --debug-file=main.log  ./configs/example/se.py --ckptinsts=3000 -c ckptinfo/test/sys
  261  build/RISCV/gem5.opt --debug-flag=ShowMemInfo,ShowRegInfo,ShowSyscall --debug-file=main.log  ./configs/example/se.py --ckptinsts=3000 -c ckptinfo/test/sys.riscv 
  263  build/RISCV/gem5.opt --debug-flag=ShowMemInfo,ShowRegInfo,ShowSyscall --debug-file=main.log  ./configs/example/se.py --ckptinsts=3000 -c ckptinfo/test/sys.riscv 
  265  scons build/RISCV/gem5.opt -j56
  266  build/RISCV/gem5.opt --debug-flag=ShowMemInfo,ShowRegInfo,ShowSyscall --debug-file=main.log  ./configs/example/se.py --ckptinsts=3000 -c ckptinfo/test/sys.riscv 
  268  build/RISCV/gem5.opt --debug-flag=ShowMemInfo,ShowRegInfo,ShowSyscall ./configs/example/se.py --ckptinsts=3000 -c ckptinfo/test/sys.riscv 
  269  scons build/RISCV/gem5.opt -j56
  270  build/RISCV/gem5.opt --debug-flag=ShowMemInfo,ShowRegInfo,ShowSyscall ./configs/example/se.py --ckptinsts=3000 -c ckptinfo/test/sys.riscv 
  271  scons build/RISCV/gem5.opt -j56
  272  build/RISCV/gem5.opt --debug-flag=ShowMemInfo,ShowRegInfo,ShowSyscall ./configs/example/se.py --ckptinsts=3000 -c ckptinfo/test/sys.riscv 
  273  build/RISCV/gem5.opt --debug-flag=ShowMemInfo,ShowRegInfo,ShowSyscall --debug-file=main1.log  ./configs/example/se.py --ckptinsts=3000 -c ckptinfo/test/sys.riscv 
  275  build/RISCV/gem5.opt --debug-flag=ShowMemInfo,ShowRegInfo,ShowSyscall --debug-file=main1.log  ./configs/example/se.py --ckptinsts=3000 -c ckptinfo/test/sys.riscv 
  277  build/RISCV/gem5.opt --debug-flag=ShowMemInfo,ShowRegInfo,ShowSyscall --debug-file=main1.log  ./configs/example/se.py --ckptinsts=3000 -c ckptinfo/test/sys.riscv 
  279  scons build/RISCV/gem5.opt -j56
  280  build/RISCV/gem5.opt --debug-flag=ShowMemInfo,ShowRegInfo,ShowSyscall --debug-file=main1.log  ./configs/example/se.py --ckptinsts=3000 -c ckptinfo/test/sys.riscv 
  282  scons build/RISCV/gem5.opt -j56
  283  build/RISCV/gem5.opt --debug-flag=ShowMemInfo,ShowRegInfo,ShowSyscall --debug-file=main1.log  ./configs/example/se.py --ckptinsts=3000 -c ckptinfo/test/sys.riscv 
  285  build/RISCV/gem5.opt --debug-flag=ShowMemInfo,ShowRegInfo,ShowSyscall --debug-file=main1.log  ./configs/example/se.py --ckptinsts=3000 -c ckptinfo/test/sys.riscv 
  293  build/RISCV/gem5.opt --debug-flag=ShowMemInfo,ShowRegInfo,ShowSyscall --debug-file=main1.log  ./configs/example/se.py --ckptinsts=3000 -c ckptinfo/test/sys.riscv 
  298  scons build/RISCV/gem5.opt -j56
  299  build/RISCV/gem5.opt --debug-flag=ShowMemInfo,ShowRegInfo,ShowSyscall --debug-file=main1.log  ./configs/example/se.py --ckptinsts=3000 -c ckptinfo/test/sys.riscv 
  301  scons build/RISCV/gem5.opt -j56
  302  build/RISCV/gem5.opt --debug-flag=ShowMemInfo,ShowRegInfo,ShowSyscall --debug-file=main1.log  ./configs/example/se.py --ckptinsts=3000 -c ckptinfo/test/sys.riscv 
  304  build/RISCV/gem5.opt --debug-flag=ShowMemInfo,ShowRegInfo,ShowSyscall --debug-file=main.log  ./configs/example/se.py --ckptinsts=3000 -c ckptinfo/test/main
  313  build/RISCV/gem5.opt --debug-flag=ShowDetail  ./configs/example/se.py --ckptinsts=12000 -c ckptinfo/test/main
  314  build/RISCV/gem5.opt --debug-flag=ShowDetail  ./configs/example/se.py --ckptinsts=12000 -c ckptinfo/test/main >main.log
  316  build/RISCV/gem5.opt --debug-flag=ShowDetail  ./configs/example/se.py --ckptinsts=18000 -c ckptinfo/test/main >main.log
  330  build/RISCV/gem5.opt --debug-flag=ShowMemInfo,ShowRegInfo,ShowSyscall --debug-file=sysinfo.log ./configs/example/se.py --ckptinsts=5000 -c ckptinfo/test/sys.riscv
  340  build/RISCV/gem5.opt --debug-flag=ShowMemInfo,ShowRegInfo,ShowSyscall --debug-file=sysinfo.log ./configs/example/se.py --ckptinsts=5000 -c ckptinfo/test/sys.riscv
  341  scons build/RISCV/gem5.opt -j56
  342  build/RISCV/gem5.opt --debug-flag=ShowMemInfo,ShowRegInfo,ShowSyscall --debug-file=sysinfo.log ./configs/example/se.py --ckptinsts=5000 -c ckptinfo/test/sys.riscv
  343  build/RISCV/gem5.opt --debug-flag=ShowMemInfo,ShowRegInfo,ShowSyscall --debug-file=sysinfo.log ./configs/example/se.py --ckptinsts=10000 -c ckptinfo/test/sys.riscv
  349  scons build/RISCV/gem5.opt -j56
  352  build/RISCV/gem5.opt --debug-flag=ShowMemInfo,ShowRegInfo,ShowSyscall --debug-file=biginfo.log ./configs/example/se.py --ckptinsts=50000 -c ckptinfo/test/big.riscv
  355  build/RISCV/gem5.opt --debug-flag=ShowMemInfo,ShowRegInfo,ShowSyscall --debug-file=biginfo.log ./configs/example/se.py --ckptinsts=100000 -c ckptinfo/test/big.riscv
  357  build/RISCV/gem5.opt --debug-flag=ShowMemInfo,ShowRegInfo,ShowSyscall --debug-file=biginfo.log ./configs/example/se.py --ckptinsts=200000 -c ckptinfo/test/big.riscv
  367  build/RISCV/gem5.opt --debug-flag=ShowMemInfo,ShowRegInfo,ShowSyscall --debug-file=biginfo.log ./configs/example/se.py --ckptinsts=200000 -c ckptinfo/test/big.riscv
  370  build/RISCV/gem5.opt --debug-flag=ShowMemInfo,ShowRegInfo,ShowSyscall --debug-file=biginfo.log ./configs/example/se.py --ckptinsts=500000 -c ckptinfo/test/big.riscv
  377  build/RISCV/gem5.opt --debug-flag=ShowMemInfo,ShowRegInfo,ShowSyscall --debug-file=biginfo.log ./configs/example/se.py --ckptinsts=300000 -c ckptinfo/test/big.riscv
  384  build/RISCV/gem5.opt --debug-flag=ShowMemInfo,ShowRegInfo,ShowSyscall --debug-file=biginfo.log ./configs/example/se.py --ckptinsts=1000000 -c ckptinfo/test/big1.riscv
  386  build/RISCV/gem5.opt --debug-flag=ShowMemInfo,ShowRegInfo,ShowSyscall --debug-file=biginfo.log ./configs/example/se.py --ckptinsts=1000000 -c ckptinfo/test/big1.riscv
  389  build/RISCV/gem5.opt --debug-flag=ShowMemInfo,ShowRegInfo,ShowSyscall --debug-file=biginfo.log ./configs/example/se.py --ckptinsts=3000000 -c ckptinfo/test/big1.riscv
