   18  cd build
   28  build/RISCV/gem5.opt ./configs/example/se.py -c tests/test-progs/hello/bin/riscv/linux/hello  
   29  build/X86/gem5.opt ./configs/example/se.py -c tests/test-progs/hello/bin/x86/linux/hello  
   30  rm -rf build
   36  scons build/RISCV/gem5.opt -j48
   37  ./build/RISCV/gem5.opt ./configs/example/se.py -c tests/test-progs/hello/bin/riscv/linux/hello --list-cpu-type
   38  ./build/RISCV/gem5.opt ./configs/example/se.py -c tests/test-progs/hello/bin/riscv/linux/hello --cpu-type=DerivO3CPU
   39  ./build/RISCV/gem5.opt ./configs/example/se.py -c tests/test-progs/hello/bin/riscv/linux/hello --cpu-type=DerivO3CPU --caches
   98  cd gem5_src/gem5/build/RISCV/ 
  129  build/RISCV/gem5.opt ./configs/example/se.py -c tests/test-progs/hello/bin/riscv/linux/hello  --cpu-type DeriveO3CPU --caches --mem-type DDR3_1600_8x8 --mem-size 1GB
  130  build/RISCV/gem5.opt ./configs/example/se.py -c tests/test-progs/hello/bin/riscv/linux/hello  --cpu-type DerivO3CPU --caches --mem-type DDR3_1600_8x8 --mem-size 1GB
  137  build/RISCV/gem5.opt ./configs/example/se.py -c tests/hello  --cpu-type DerivO3CPU --caches --mem-type DDR3_1600_8x8 --mem-size 1GB
  139  build/RISCV/gem5.opt ./configs/example/se.py -c tests/hello  --cpu-type DerivO3CPU --caches --mem-type DDR3_1600_8x8 --mem-size 1GB
  155  scons build/RISCV/gem5.opt -j56
  156  build/RISCV/gem5.opt --debug-flag=ShowDetail ./configs/example/se.py -c ckptinfo/readinfo/read.riscv --options="ckptinfo/info/ckpt_3000_6000.info ckptinfo/info/ckpt_syscall_3000_6000.info ckptinfo/test/main"
  163  scons build/RISCV/gem5.opt -j56
  166  scons build/RISCV/gem5.opt -j56
  178  scons build/RISCV/gem5.opt -j56
  186  scons build/RISCV/gem5.opt -j56
  194  build/RISCV/gem5.opt ./configs/example/se.py -c ckptinfo/readinfo/read.riscv --options="ckptinfo/info/ckpt_6000_9000.info ckptinfo/info/ckpt_syscall_6000_9000.info ckptinfo/test/main"
  196  build/RISCV/gem5.opt ./configs/example/se.py -c ckptinfo/readinfo/read.riscv --options="ckptinfo/info/ckpt_6000_9000.info ckptinfo/info/ckpt_syscall_6000_9000.info ckptinfo/test/main"
  198  build/RISCV/gem5.opt ./configs/example/se.py -c ckptinfo/readinfo/read.riscv --options="ckptinfo/info/ckpt_6000_9000.info ckptinfo/info/ckpt_syscall_6000_9000.info ckptinfo/test/main"
  199  scons build/RISCV/gem5.opt -j56
  200  build/RISCV/gem5.opt ./configs/example/se.py -c ckptinfo/readinfo/read.riscv --options="ckptinfo/info/ckpt_6000_9000.info ckptinfo/info/ckpt_syscall_6000_9000.info ckptinfo/test/main"
  201  build/RISCV/gem5.opt ./configs/example/se.py -c ckptinfo/readinfo/read.riscv --options="ckptinfo/info/ckpt_9000_12000.info ckptinfo/info/ckpt_syscall_9000_12000.info ckptinfo/test/main"
  202  build/RISCV/gem5.opt ./configs/example/se.py -c ckptinfo/readinfo/read.riscv --options="ckptinfo/info/ckpt_12000_15000.info ckptinfo/info/ckpt_syscall_12000_15000.info ckptinfo/test/main"
  203  build/RISCV/gem5.opt --debug-flag=ShowDetail ./configs/example/se.py -c ckptinfo/readinfo/read.riscv --options="ckptinfo/info/ckpt_12000_15000.info ckptinfo/info/ckpt_syscall_12000_15000.info ckptinfo/test/main"
  209  build/RISCV/gem5.opt --debug-flag=ShowDetail ./configs/example/se.py -c ckptinfo/readinfo/read.riscv --options="ckptinfo/info/ckpt_12000_15000.info ckptinfo/info/ckpt_syscall_12000_15000.info ckptinfo/test/main"
  222  build/RISCV/gem5.opt --debug-flag=ShowDetail ./configs/example/se.py -c ckptinfo/readinfo/read.riscv --options="ckptinfo/info/ckpt_12000_15000.info ckptinfo/info/ckpt_syscall_12000_15000.info ckptinfo/test/main"
  224  build/RISCV/gem5.opt --debug-flag=ShowDetail ./configs/example/se.py -c ckptinfo/readinfo/read.riscv --options="ckptinfo/info/ckpt_12000_15000.info ckptinfo/info/ckpt_syscall_12000_15000.info ckptinfo/test/main" >run.log
  233  build/RISCV/gem5.opt ./configs/example/se.py -c ckptinfo/readinfo/read.riscv --options="ckptinfo/info/ckpt_12000_15000.info ckptinfo/info/ckpt_syscall_12000_15000.info ckptinfo/test/main"
  236  build/RISCV/gem5.opt ./configs/example/se.py -c ckptinfo/readinfo/read.riscv --options="ckptinfo/info/ckpt_12000_15000.info ckptinfo/info/ckpt_syscall_12000_15000.info ckptinfo/test/main"
  242  build/RISCV/gem5.opt ./configs/example/se.py -c ckptinfo/readinfo/read.riscv --options="ckptinfo/info/ckpt_12000_15000.info ckptinfo/info/ckpt_syscall_12000_15000.info ckptinfo/test/main"
  243  build/RISCV/gem5.opt --debug-flag=ShowDetail ./configs/example/se.py -c ckptinfo/readinfo/read.riscv --options="ckptinfo/info/ckpt_12000_15000.info ckptinfo/info/ckpt_syscall_12000_15000.info ckptinfo/test/main" 
  246  build/RISCV/gem5.opt ./configs/example/se.py -c ckptinfo/readinfo/read.riscv --options="ckptinfo/info/ckpt_12000_15000.info ckptinfo/info/ckpt_syscall_12000_15000.info ckptinfo/test/main"
  247  build/RISCV/gem5.opt ./configs/example/se.py -c ckptinfo/readinfo/read.riscv --options="ckptinfo/info/ckpt_15000_18000.info ckptinfo/info/ckpt_syscall_15000_18000.info ckptinfo/test/main"
  248  build/RISCV/gem5.opt ./configs/example/se.py -c ckptinfo/readinfo/read.riscv --options="ckptinfo/info/ckpt_18000_21000.info ckptinfo/info/ckpt_syscall_18000_21000.info ckptinfo/test/main"
  249  build/RISCV/gem5.opt ./configs/example/se.py -c ckptinfo/readinfo/read.riscv --options="ckptinfo/info/ckpt_21000_24000.info ckptinfo/info/ckpt_syscall_21000_24000.info ckptinfo/test/main"
  250  build/RISCV/gem5.opt ./configs/example/se.py -c ckptinfo/readinfo/read.riscv --options="ckptinfo/info/ckpt_24000_27000.info ckptinfo/info/ckpt_syscall_24000_27000.info ckptinfo/test/main"
  251  build/RISCV/gem5.opt ./configs/example/se.py -c ckptinfo/readinfo/read.riscv --options="ckptinfo/info/ckpt_18000_21000.info ckptinfo/info/ckpt_syscall_18000_21000.info ckptinfo/test/main"
  252  build/RISCV/gem5.opt --debug-flag=ShowDetail ./configs/example/se.py -c ckptinfo/readinfo/read.riscv --options="ckptinfo/info/ckpt_18000_21000.info ckptinfo/info/ckpt_syscall_18000_21000.info ckptinfo/test/main"
  265  scons build/RISCV/gem5.opt -j56
  269  scons build/RISCV/gem5.opt -j56
  270  #build/RISCV/gem5.opt --debug-flag=ShowDetail ./configs/example/se.py -c ckptinfo/readinfo/read.riscv --options="ckptinfo/info/ckpt_18000_21000.info ckptinfo/info/ckpt_syscall_18000_21000.info ckptinfo/test/main"
  273  scons build/RISCV/gem5.opt -j56
  276  #build/RISCV/gem5.opt --debug-flag=ShowDetail ./configs/example/se.py -c ckptinfo/readinfo/read.riscv --options="ckptinfo/info/ckpt_18000_21000.info ckptinfo/info/ckpt_syscall_18000_21000.info ckptinfo/test/main"
  277  scons build/RISCV/gem5.opt -j56
  280  build/RISCV/gem5.opt ./configs/example/se.py --ckptinsts=3000 -c ckptinfo/readinfo/read.riscv --options="ckptinfo/info/ckpt_21000_24000.info ckptinfo/info/ckpt_syscall_21000_24000.info ckptinfo/test/main"
  281  build/RISCV/gem5.opt ./configs/example/se.py --ckptinsts=3000 -c ckptinfo/readinfo/read.riscv --options="ckptinfo/info/ckpt_24000_27000.info ckptinfo/info/ckpt_syscall_24000_27000.info ckptinfo/test/main"
  282  build/RISCV/gem5.opt ./configs/example/se.py --ckptinsts=3000 -c ckptinfo/readinfo/read.riscv --options="ckptinfo/info/ckpt_27000_30000.info ckptinfo/info/ckpt_syscall_27000_30000.info ckptinfo/test/main"
  285  scons build/RISCV/gem5.opt -j56
  286  build/RISCV/gem5.opt ./configs/example/se.py --ckptinsts=3000 -c ckptinfo/readinfo/read.riscv --options="ckptinfo/info/ckpt_27000_30000.info ckptinfo/info/ckpt_syscall_27000_30000.info ckptinfo/test/main"
  287  build/RISCV/gem5.opt ./configs/example/se.py --ckptinsts=5000 -c ckptinfo/readinfo/read.riscv --options="ckptinfo/info/ckpt_20000_25000.info ckptinfo/info/ckpt_syscall_20000_25000.info ckptinfo/test/sys.riscv"
  288  build/RISCV/gem5.opt ./configs/example/se.py --ckptinsts=5000 -c ckptinfo/readinfo/read.riscv --options="ckptinfo/info/ckpt_25000_30000.info ckptinfo/info/ckpt_syscall_25000_30000.info ckptinfo/test/sys.riscv"
  289  build/RISCV/gem5.opt ./configs/example/se.py --ckptinsts=5000 -c ckptinfo/readinfo/read.riscv --options="ckptinfo/info/ckpt_15000_20000.info ckptinfo/info/ckpt_syscall_15000_20000.info ckptinfo/test/sys.riscv"
  290  build/RISCV/gem5.opt ./configs/example/se.py --ckptinsts=10000 -c ckptinfo/readinfo/read.riscv --options="ckptinfo/info/ckpt_10000_20000.info ckptinfo/info/ckpt_syscall_10000_20000.info ckptinfo/test/sys.riscv"
  291  build/RISCV/gem5.opt ./configs/example/se.py --ckptinsts=10000 -c ckptinfo/readinfo/read.riscv --options="ckptinfo/info/ckpt_20000_30000.info ckptinfo/info/ckpt_syscall_20000_30000.info ckptinfo/test/sys.riscv"
  292  scons build/RISCV/gem5.opt -j56
  294  build/RISCV/gem5.opt ./configs/example/se.py --ckptinsts=10000 -c ckptinfo/readinfo/read.riscv --options="ckptinfo/info/ckpt_10000_20000.info ckptinfo/info/ckpt_syscall_10000_20000.info ckptinfo/test/sys.riscv"
  295  build/RISCV/gem5.opt ./configs/example/se.py --ckptinsts=10000 -c ckptinfo/readinfo/read.riscv --options="ckptinfo/info/ckpt_20000_30000.info ckptinfo/info/ckpt_syscall_20000_30000.info ckptinfo/test/sys.riscv"
  296  scons build/RISCV/gem5.opt -j56
  297  build/RISCV/gem5.opt ./configs/example/se.py --ckptinsts=10000 -c ckptinfo/readinfo/read.riscv --options="ckptinfo/info/ckpt_20000_30000.info ckptinfo/info/ckpt_syscall_20000_30000.info ckptinfo/test/sys.riscv"
  298  scons build/RISCV/gem5.opt -j56
  299  build/RISCV/gem5.opt ./configs/example/se.py --ckptinsts=10000 -c ckptinfo/readinfo/read.riscv --options="ckptinfo/info/ckpt_20000_30000.info ckptinfo/info/ckpt_syscall_20000_30000.info ckptinfo/test/sys.riscv"
  300  build/RISCV/gem5.opt ./configs/example/se.py --ckptinsts=10000 -c ckptinfo/readinfo/read.riscv --options="ckptinfo/info/ckpt_10000_20000.info ckptinfo/info/ckpt_syscall_10000_20000.info ckptinfo/test/sys.riscv"
  301  build/RISCV/gem5.opt ./configs/example/se.py --ckptinsts=10000 -c ckptinfo/readinfo/read.riscv --options="ckptinfo/info/ckpt_20000_30000.info ckptinfo/info/ckpt_syscall_20000_30000.info ckptinfo/test/sys.riscv"
  302  scons build/RISCV/gem5.opt -j56
  303  build/RISCV/gem5.opt ./configs/example/se.py --ckptinsts=10000 -c ckptinfo/readinfo/read.riscv --options="ckptinfo/info/ckpt_20000_30000.info ckptinfo/info/ckpt_syscall_20000_30000.info ckptinfo/test/sys.riscv"
  304  build/RISCV/gem5.opt ./configs/example/se.py --ckptinsts=10000 -c ckptinfo/readinfo/read.riscv --options="ckptinfo/info/ckpt_10000_20000.info ckptinfo/info/ckpt_syscall_10000_20000.info ckptinfo/test/sys.riscv"
  305  build/RISCV/gem5.opt ./configs/example/se.py --ckptinsts=200000 -c ckptinfo/readinfo/read.riscv --options="ckptinfo/info/ckpt_200000_400000.info ckptinfo/info/ckpt_syscall_200000_400000.info ckptinfo/test/big.riscv"
  306  build/RISCV/gem5.opt ./configs/example/se.py --ckptinsts=200000 -c ckptinfo/readinfo/read.riscv --options="ckptinfo/info/ckpt_400000_600000.info ckptinfo/info/ckpt_syscall_400000_600000.info ckptinfo/test/big.riscv"
  307  build/RISCV/gem5.opt ./configs/example/se.py --ckptinsts=200000 -c ckptinfo/readinfo/read.riscv --options="ckptinfo/info/ckpt_600000_800000.info ckptinfo/info/ckpt_syscall_600000_800000.info ckptinfo/test/big.riscv"
  308  build/RISCV/gem5.opt ./configs/example/se.py --ckptinsts=200000 -c ckptinfo/readinfo/read.riscv --options="ckptinfo/info/ckpt_800000_1000000.info ckptinfo/info/ckpt_syscall_800000_1000000.info ckptinfo/test/big.riscv"
  309  build/RISCV/gem5.opt ./configs/example/se.py --ckptinsts=300000 -c ckptinfo/readinfo/read.riscv --options="ckptinfo/info/ckpt_300000_600000.info ckptinfo/info/ckpt_syscall_300000_600000.info ckptinfo/test/big.riscv"
  310  build/RISCV/gem5.opt ./configs/example/se.py --ckptinsts=300000 -c ckptinfo/readinfo/read.riscv --options="ckptinfo/info/ckpt_600000_900000.info ckptinfo/info/ckpt_syscall_600000_900000.info ckptinfo/test/big.riscv"
  311  build/RISCV/gem5.opt ./configs/example/se.py --ckptinsts=300000 -c ckptinfo/readinfo/read.riscv --options="ckptinfo/info/ckpt_900000_1200000.info ckptinfo/info/ckpt_syscall_900000_1200000.info ckptinfo/test/big.riscv"
  312  build/RISCV/gem5.opt ./configs/example/se.py --ckptinsts=3000000 -c ckptinfo/readinfo/read.riscv --options="ckptinfo/info/ckpt_3000000_6000000.info ckptinfo/info/ckpt_syscall_3000000_6000000.info ckptinfo/test/big1.riscv"
  313  build/RISCV/gem5.opt ./configs/example/se.py --ckptinsts=3000000 -c ckptinfo/readinfo/read.riscv --options="ckptinfo/info/ckpt_6000000_9000000.info ckptinfo/info/ckpt_syscall_6000000_9000000.info ckptinfo/test/big1.riscv"
  314  build/RISCV/gem5.opt ./configs/example/se.py --ckptinsts=3000000 -c ckptinfo/readinfo/read.riscv --options="ckptinfo/info/ckpt_9000000_12000000.info ckptinfo/info/ckpt_syscall_9000000_12000000.info ckptinfo/test/big1.riscv"
