This file contains any messages produced by compilers while
running configure, to aid debugging if configure makes a mistake.

It was created by RISC-V Proxy Kernel configure 1.0.0, which was
generated by GNU Autoconf 2.69.  Invocation command line was

  $ ../configure --prefix=/home/cuihongwei/temp/riscv-pk/build/temp --host=riscv64-unknown-linux-gnu

## --------- ##
## Platform. ##
## --------- ##

hostname = mprc20
uname -m = x86_64
uname -r = 5.4.0-91-generic
uname -s = Linux
uname -v = #102-Ubuntu SMP Fri Nov 5 16:31:28 UTC 2021

/usr/bin/uname -p = x86_64
/bin/uname -X     = unknown

/bin/arch              = x86_64
/usr/bin/arch -k       = unknown
/usr/convex/getsysinfo = unknown
/usr/bin/hostinfo      = unknown
/bin/machine           = unknown
/usr/bin/oslevel       = unknown
/bin/universe          = unknown

PATH: /home/cuihongwei/.local/bin
PATH: /usr/local/sbin
PATH: /usr/local/bin
PATH: /usr/sbin
PATH: /usr/bin
PATH: /sbin
PATH: /bin
PATH: /usr/games
PATH: /usr/local/games
PATH: /snap/bin
PATH: /opt/Xilinx/Vivado/2021.1/bin
PATH: /opt/unicore32/uc4-1.0.5-hard/bin
PATH: /opt/riscv-toolchain/bin
PATH: /opt/Xilinx/Vivado/2021.1/bin


## ----------- ##
## Core tests. ##
## ----------- ##

configure:1961: checking build system type
configure:1975: result: x86_64-pc-linux-gnu
configure:1995: checking host system type
configure:2008: result: riscv64-unknown-linux-gnu
configure:2041: checking for riscv64-unknown-linux-gnu-gcc
configure:2057: found /opt/riscv-toolchain/bin/riscv64-unknown-linux-gnu-gcc
configure:2068: result: riscv64-unknown-linux-gnu-gcc
configure:2337: checking for C compiler version
configure:2346: riscv64-unknown-linux-gnu-gcc --version >&5
riscv64-unknown-linux-gnu-gcc (GCC) 10.2.0
Copyright (C) 2020 Free Software Foundation, Inc.
This is free software; see the source for copying conditions.  There is NO
warranty; not even for MERCHANTABILITY or FITNESS FOR A PARTICULAR PURPOSE.

configure:2357: $? = 0
configure:2346: riscv64-unknown-linux-gnu-gcc -v >&5
Using built-in specs.
COLLECT_GCC=riscv64-unknown-linux-gnu-gcc
COLLECT_LTO_WRAPPER=/opt/riscv-toolchain/bin/../libexec/gcc/riscv64-unknown-linux-gnu/10.2.0/lto-wrapper
Target: riscv64-unknown-linux-gnu
Configured with: /home/suchao/riscv-gnu-toolchain/riscv-gcc/configure --target=riscv64-unknown-linux-gnu --prefix=/home/suchao/riscv-linux-toolchain --with-sysroot=/home/suchao/riscv-linux-toolchain/sysroot --with-system-zlib --enable-shared --enable-tls --enable-languages=c,c++,fortran --disable-libmudflap --disable-libssp --disable-libquadmath --disable-libsanitizer --disable-nls --disable-bootstrap --src=.././riscv-gcc --disable-multilib --with-abi=lp64d --with-arch=rv64imafdc --with-tune=rocket 'CFLAGS_FOR_TARGET=-O2   -mcmodel=medlow' 'CXXFLAGS_FOR_TARGET=-O2   -mcmodel=medlow'
Thread model: posix
Supported LTO compression algorithms: zlib
gcc version 10.2.0 (GCC) 
configure:2357: $? = 0
configure:2346: riscv64-unknown-linux-gnu-gcc -V >&5
riscv64-unknown-linux-gnu-gcc: error: unrecognized command-line option '-V'
riscv64-unknown-linux-gnu-gcc: fatal error: no input files
compilation terminated.
configure:2357: $? = 1
configure:2346: riscv64-unknown-linux-gnu-gcc -qversion >&5
riscv64-unknown-linux-gnu-gcc: error: unrecognized command-line option '-qversion'; did you mean '--version'?
riscv64-unknown-linux-gnu-gcc: fatal error: no input files
compilation terminated.
configure:2357: $? = 1
configure:2377: checking whether the C compiler works
configure:2399: riscv64-unknown-linux-gnu-gcc    conftest.c  >&5
configure:2403: $? = 0
configure:2451: result: yes
configure:2454: checking for C compiler default output file name
configure:2456: result: a.out
configure:2462: checking for suffix of executables
configure:2469: riscv64-unknown-linux-gnu-gcc -o conftest    conftest.c  >&5
configure:2473: $? = 0
configure:2495: result: 
configure:2517: checking whether we are cross compiling
configure:2525: riscv64-unknown-linux-gnu-gcc -o conftest    conftest.c  >&5
configure:2529: $? = 0
configure:2536: ./conftest
../configure: line 2538: ./conftest: cannot execute binary file: Exec format error
configure:2540: $? = 126
configure:2528: result: yes
configure:2533: checking for suffix of object files
configure:2555: riscv64-unknown-linux-gnu-gcc -c   conftest.c >&5
configure:2559: $? = 0
configure:2580: result: o
configure:2584: checking whether we are using the GNU C compiler
configure:2603: riscv64-unknown-linux-gnu-gcc -c   conftest.c >&5
configure:2603: $? = 0
configure:2612: result: yes
configure:2621: checking whether riscv64-unknown-linux-gnu-gcc accepts -g
configure:2641: riscv64-unknown-linux-gnu-gcc -c -g  conftest.c >&5
configure:2641: $? = 0
configure:2682: result: yes
configure:2699: checking for riscv64-unknown-linux-gnu-gcc option to accept ISO C89
configure:2762: riscv64-unknown-linux-gnu-gcc  -c -g -O2  conftest.c >&5
configure:2762: $? = 0
configure:2775: result: none needed
configure:2809: checking for riscv64-unknown-linux-gnu-g++
configure:2825: found /opt/riscv-toolchain/bin/riscv64-unknown-linux-gnu-g++
configure:2836: result: riscv64-unknown-linux-gnu-g++
configure:2907: checking for C++ compiler version
configure:2916: riscv64-unknown-linux-gnu-g++ --version >&5
riscv64-unknown-linux-gnu-g++ (GCC) 10.2.0
Copyright (C) 2020 Free Software Foundation, Inc.
This is free software; see the source for copying conditions.  There is NO
warranty; not even for MERCHANTABILITY or FITNESS FOR A PARTICULAR PURPOSE.

configure:2927: $? = 0
configure:2916: riscv64-unknown-linux-gnu-g++ -v >&5
Using built-in specs.
COLLECT_GCC=riscv64-unknown-linux-gnu-g++
COLLECT_LTO_WRAPPER=/opt/riscv-toolchain/bin/../libexec/gcc/riscv64-unknown-linux-gnu/10.2.0/lto-wrapper
Target: riscv64-unknown-linux-gnu
Configured with: /home/suchao/riscv-gnu-toolchain/riscv-gcc/configure --target=riscv64-unknown-linux-gnu --prefix=/home/suchao/riscv-linux-toolchain --with-sysroot=/home/suchao/riscv-linux-toolchain/sysroot --with-system-zlib --enable-shared --enable-tls --enable-languages=c,c++,fortran --disable-libmudflap --disable-libssp --disable-libquadmath --disable-libsanitizer --disable-nls --disable-bootstrap --src=.././riscv-gcc --disable-multilib --with-abi=lp64d --with-arch=rv64imafdc --with-tune=rocket 'CFLAGS_FOR_TARGET=-O2   -mcmodel=medlow' 'CXXFLAGS_FOR_TARGET=-O2   -mcmodel=medlow'
Thread model: posix
Supported LTO compression algorithms: zlib
gcc version 10.2.0 (GCC) 
configure:2927: $? = 0
configure:2916: riscv64-unknown-linux-gnu-g++ -V >&5
riscv64-unknown-linux-gnu-g++: error: unrecognized command-line option '-V'
riscv64-unknown-linux-gnu-g++: fatal error: no input files
compilation terminated.
configure:2927: $? = 1
configure:2916: riscv64-unknown-linux-gnu-g++ -qversion >&5
riscv64-unknown-linux-gnu-g++: error: unrecognized command-line option '-qversion'; did you mean '--version'?
riscv64-unknown-linux-gnu-g++: fatal error: no input files
compilation terminated.
configure:2927: $? = 1
configure:2931: checking whether we are using the GNU C++ compiler
configure:2950: riscv64-unknown-linux-gnu-g++ -c   conftest.cpp >&5
configure:2950: $? = 0
configure:2959: result: yes
configure:2968: checking whether riscv64-unknown-linux-gnu-g++ accepts -g
configure:2988: riscv64-unknown-linux-gnu-g++ -c -g  conftest.cpp >&5
configure:2988: $? = 0
configure:3029: result: yes
configure:3055: checking for riscv64-unknown-linux-gnu-ar
configure:3071: found /opt/riscv-toolchain/bin/riscv64-unknown-linux-gnu-ar
configure:3082: result: riscv64-unknown-linux-gnu-ar
configure:3147: checking for riscv64-unknown-linux-gnu-ranlib
configure:3163: found /opt/riscv-toolchain/bin/riscv64-unknown-linux-gnu-ranlib
configure:3174: result: riscv64-unknown-linux-gnu-ranlib
configure:3239: checking for riscv64-unknown-linux-gnu-readelf
configure:3255: found /opt/riscv-toolchain/bin/riscv64-unknown-linux-gnu-readelf
configure:3266: result: riscv64-unknown-linux-gnu-readelf
configure:3331: checking for riscv64-unknown-linux-gnu-objcopy
configure:3347: found /opt/riscv-toolchain/bin/riscv64-unknown-linux-gnu-objcopy
configure:3358: result: riscv64-unknown-linux-gnu-objcopy
configure:3442: checking for a BSD-compatible install
configure:3510: result: /usr/bin/install -c
configure:3651: checking how to run the C preprocessor
configure:3682: riscv64-unknown-linux-gnu-gcc -E  conftest.c
configure:3682: $? = 0
configure:3696: riscv64-unknown-linux-gnu-gcc -E  conftest.c
conftest.c:9:10: fatal error: ac_nonexistent.h: No such file or directory
    9 | #include <ac_nonexistent.h>
      |          ^~~~~~~~~~~~~~~~~~
compilation terminated.
configure:3696: $? = 1
configure: failed program was:
| /* confdefs.h */
| #define PACKAGE_NAME "RISC-V Proxy Kernel"
| #define PACKAGE_TARNAME "riscv-pk"
| #define PACKAGE_VERSION "1.0.0"
| #define PACKAGE_STRING "RISC-V Proxy Kernel 1.0.0"
| #define PACKAGE_BUGREPORT "Andrew Waterman"
| #define PACKAGE_URL ""
| /* end confdefs.h.  */
| #include <ac_nonexistent.h>
configure:3721: result: riscv64-unknown-linux-gnu-gcc -E
configure:3741: riscv64-unknown-linux-gnu-gcc -E  conftest.c
configure:3741: $? = 0
configure:3755: riscv64-unknown-linux-gnu-gcc -E  conftest.c
conftest.c:9:10: fatal error: ac_nonexistent.h: No such file or directory
    9 | #include <ac_nonexistent.h>
      |          ^~~~~~~~~~~~~~~~~~
compilation terminated.
configure:3755: $? = 1
configure: failed program was:
| /* confdefs.h */
| #define PACKAGE_NAME "RISC-V Proxy Kernel"
| #define PACKAGE_TARNAME "riscv-pk"
| #define PACKAGE_VERSION "1.0.0"
| #define PACKAGE_STRING "RISC-V Proxy Kernel 1.0.0"
| #define PACKAGE_BUGREPORT "Andrew Waterman"
| #define PACKAGE_URL ""
| /* end confdefs.h.  */
| #include <ac_nonexistent.h>
configure:3784: checking for grep that handles long lines and -e
configure:3842: result: /usr/bin/grep
configure:3847: checking for egrep
configure:3909: result: /usr/bin/grep -E
configure:3914: checking for ANSI C header files
configure:3934: riscv64-unknown-linux-gnu-gcc -c -g -O2  conftest.c >&5
configure:3934: $? = 0
configure:4018: result: yes
configure:4135: configuring default subproject : pk
configure:4194: configuring default subproject : bbl
configure:4300: configuring default subproject : softfloat
configure:4345: configuring default subproject : dummy_payload
configure:4390: configuring default subproject : machine
configure:4449: configuring default subproject : util
configure:4595: creating ./config.status

## ---------------------- ##
## Running config.status. ##
## ---------------------- ##

This file was extended by RISC-V Proxy Kernel config.status 1.0.0, which was
generated by GNU Autoconf 2.69.  Invocation command line was

  CONFIG_FILES    = 
  CONFIG_HEADERS  = 
  CONFIG_LINKS    = 
  CONFIG_COMMANDS = 
  $ ./config.status 

on mprc20

config.status:830: creating pk.mk
config.status:830: creating bbl.mk
config.status:830: creating softfloat.mk
config.status:830: creating dummy_payload.mk
config.status:830: creating machine.mk
config.status:830: creating util.mk
config.status:830: creating Makefile
config.status:830: creating config.h

## ---------------- ##
## Cache variables. ##
## ---------------- ##

ac_cv_build=x86_64-pc-linux-gnu
ac_cv_c_compiler_gnu=yes
ac_cv_cxx_compiler_gnu=yes
ac_cv_env_CCC_set=
ac_cv_env_CCC_value=
ac_cv_env_CC_set=
ac_cv_env_CC_value=
ac_cv_env_CFLAGS_set=
ac_cv_env_CFLAGS_value=
ac_cv_env_CPPFLAGS_set=
ac_cv_env_CPPFLAGS_value=
ac_cv_env_CPP_set=
ac_cv_env_CPP_value=
ac_cv_env_CXXFLAGS_set=
ac_cv_env_CXXFLAGS_value=
ac_cv_env_CXX_set=
ac_cv_env_CXX_value=
ac_cv_env_LDFLAGS_set=
ac_cv_env_LDFLAGS_value=
ac_cv_env_LIBS_set=
ac_cv_env_LIBS_value=
ac_cv_env_RISCV_set=
ac_cv_env_RISCV_value=
ac_cv_env_STOW_PREFIX_set=
ac_cv_env_STOW_PREFIX_value=
ac_cv_env_STOW_ROOT_set=
ac_cv_env_STOW_ROOT_value=
ac_cv_env_build_alias_set=
ac_cv_env_build_alias_value=
ac_cv_env_host_alias_set=set
ac_cv_env_host_alias_value=riscv64-unknown-linux-gnu
ac_cv_env_target_alias_set=
ac_cv_env_target_alias_value=
ac_cv_header_stdc=yes
ac_cv_host=riscv64-unknown-linux-gnu
ac_cv_objext=o
ac_cv_path_EGREP='/usr/bin/grep -E'
ac_cv_path_GREP=/usr/bin/grep
ac_cv_path_install='/usr/bin/install -c'
ac_cv_prog_AR=riscv64-unknown-linux-gnu-ar
ac_cv_prog_CC=riscv64-unknown-linux-gnu-gcc
ac_cv_prog_CPP='riscv64-unknown-linux-gnu-gcc -E'
ac_cv_prog_CXX=riscv64-unknown-linux-gnu-g++
ac_cv_prog_OBJCOPY=riscv64-unknown-linux-gnu-objcopy
ac_cv_prog_RANLIB=riscv64-unknown-linux-gnu-ranlib
ac_cv_prog_READELF=riscv64-unknown-linux-gnu-readelf
ac_cv_prog_cc_c89=
ac_cv_prog_cc_g=yes
ac_cv_prog_cxx_g=yes

## ----------------- ##
## Output variables. ##
## ----------------- ##

AR='riscv64-unknown-linux-gnu-ar'
BBL_ENABLE_LOGO=''
BBL_LOGO_FILE='riscv_logo.txt'
BBL_PAYLOAD='dummy_payload'
CC='riscv64-unknown-linux-gnu-gcc'
CFLAGS='-Wall -Werror -D__NO_INLINE__ -mcmodel=medany -O2 -std=gnu99 -Wno-unused -Wno-attributes -fno-delete-null-pointer-checks -fno-PIE'
CPP='riscv64-unknown-linux-gnu-gcc -E'
CPPFLAGS=''
CXX='riscv64-unknown-linux-gnu-g++'
CXXFLAGS='-g -O2'
DEFS='-DHAVE_CONFIG_H'
ECHO_C=''
ECHO_N='-n'
ECHO_T=''
EGREP='/usr/bin/grep -E'
EXEEXT=''
GREP='/usr/bin/grep'
INSTALL_DATA='${INSTALL} -m 644'
INSTALL_PROGRAM='${INSTALL}'
INSTALL_SCRIPT='${INSTALL}'
LDFLAGS=' -Wl,--build-id=none'
LIBOBJS=''
LIBS='-lgcc'
LTLIBOBJS=''
MEM_START='0x80000000'
OBJCOPY='riscv64-unknown-linux-gnu-objcopy'
OBJEXT='o'
PACKAGE_BUGREPORT='Andrew Waterman'
PACKAGE_NAME='RISC-V Proxy Kernel'
PACKAGE_STRING='RISC-V Proxy Kernel 1.0.0'
PACKAGE_TARNAME='riscv-pk'
PACKAGE_URL=''
PACKAGE_VERSION='1.0.0'
PATH_SEPARATOR=':'
RANLIB='riscv64-unknown-linux-gnu-ranlib'
READELF='riscv64-unknown-linux-gnu-readelf'
RISCV=''
SHELL='/bin/bash'
STOW_PREFIX=''
STOW_ROOT=''
WITH_ARCH=''
ac_ct_CC=''
ac_ct_CXX=''
bindir='${exec_prefix}/bin'
build='x86_64-pc-linux-gnu'
build_alias=''
build_cpu='x86_64'
build_os='linux-gnu'
build_vendor='pc'
datadir='${datarootdir}'
datarootdir='${prefix}/share'
docdir='${datarootdir}/doc/${PACKAGE_TARNAME}'
dvidir='${docdir}'
enable_stow='no'
exec_prefix='${prefix}'
host='riscv64-unknown-linux-gnu'
host_alias='riscv64-unknown-linux-gnu'
host_cpu='riscv64'
host_os='linux-gnu'
host_vendor='unknown'
htmldir='${docdir}'
includedir='${prefix}/include'
infodir='${datarootdir}/info'
libdir='${exec_prefix}/lib'
libexecdir='${exec_prefix}/libexec'
localedir='${datarootdir}/locale'
localstatedir='${prefix}/var'
mandir='${datarootdir}/man'
oldincludedir='/usr/include'
pdfdir='${docdir}'
prefix='/home/cuihongwei/temp/riscv-pk/build/temp'
program_transform_name='s,x,x,'
psdir='${docdir}'
sbindir='${exec_prefix}/sbin'
sharedstatedir='${prefix}/com'
stow=''
subprojects=' pk bbl softfloat dummy_payload machine util'
subprojects_enabled=' pk bbl softfloat dummy_payload machine util'
sysconfdir='${prefix}/etc'
target_alias=''

## ----------- ##
## confdefs.h. ##
## ----------- ##

/* confdefs.h */
#define PACKAGE_NAME "RISC-V Proxy Kernel"
#define PACKAGE_TARNAME "riscv-pk"
#define PACKAGE_VERSION "1.0.0"
#define PACKAGE_STRING "RISC-V Proxy Kernel 1.0.0"
#define PACKAGE_BUGREPORT "Andrew Waterman"
#define PACKAGE_URL ""
#define STDC_HEADERS 1
#define PK_ENABLED /**/
#define PK_ENABLE_VM /**/
#define BBL_ENABLED /**/
#define RELAXED_ALIGNMENT 1
#define SOFTFLOAT_ENABLED /**/
#define DUMMY_PAYLOAD_ENABLED /**/
#define MACHINE_ENABLED /**/
#define PK_ENABLE_FP_EMULATION /**/
#define UTIL_ENABLED /**/

configure: exit 0

## ---------------------- ##
## Running config.status. ##
## ---------------------- ##

This file was extended by RISC-V Proxy Kernel config.status 1.0.0, which was
generated by GNU Autoconf 2.69.  Invocation command line was

  CONFIG_FILES    = 
  CONFIG_HEADERS  = 
  CONFIG_LINKS    = 
  CONFIG_COMMANDS = 
  $ ./config.status 

on mprc20

config.status:830: creating pk.mk
config.status:830: creating bbl.mk
config.status:830: creating softfloat.mk
config.status:830: creating dummy_payload.mk
config.status:830: creating machine.mk
config.status:830: creating util.mk
config.status:830: creating Makefile
config.status:830: creating config.h
config.status:990: config.h is unchanged
